agenda_android_studio/app/build/outputs/logs/manifest-merger-debug-report.txt
-- Merging decision tree log ---
manifest
ADDED from src\main\AndroidManifest.xml:2:1-51:12
	xmlns:android
		ADDED from src\main\AndroidManifest.xml:2:11-69
	package
		ADDED from src\main\AndroidManifest.xml:3:5-26
		INJECTED from src\main\AndroidManifest.xml
		INJECTED from src\main\AndroidManifest.xml
	android:versionName
		ADDED from src\main\AndroidManifest.xml:5:5-30
		INJECTED from src\main\AndroidManifest.xml
		INJECTED from src\main\AndroidManifest.xml
	android:versionCode
		ADDED from src\main\AndroidManifest.xml:4:5-28
		INJECTED from src\main\AndroidManifest.xml
		INJECTED from src\main\AndroidManifest.xml
uses-sdk
ADDED from src\main\AndroidManifest.xml:7:5-9:41
	android:targetSdkVersion
		ADDED from src\main\AndroidManifest.xml:9:9-38
		INJECTED from src\main\AndroidManifest.xml
		INJECTED from src\main\AndroidManifest.xml
	android:minSdkVersion
		ADDED from src\main\AndroidManifest.xml:8:9-35
		INJECTED from src\main\AndroidManifest.xml
		INJECTED from src\main\AndroidManifest.xml
application
ADDED from src\main\AndroidManifest.xml:11:5-49:19
	android:label
		ADDED from src\main\AndroidManifest.xml:14:9-41
	android:allowBackup
		ADDED from src\main\AndroidManifest.xml:12:9-35
	android:icon
		ADDED from src\main\AndroidManifest.xml:13:9-45
	android:theme
		ADDED from src\main\AndroidManifest.xml:15:9-40
activity#code.agenda.view.ItemListActivity
ADDED from src\main\AndroidManifest.xml:16:9-24:20
	android:label
		ADDED from src\main\AndroidManifest.xml:18:13-45
	android:name
		ADDED from src\main\AndroidManifest.xml:17:13-61
intent-filter#android.intent.action.MAIN+android.intent.category.LAUNCHER
ADDED from src\main\AndroidManifest.xml:19:13-23:29
action#android.intent.action.MAIN
ADDED from src\main\AndroidManifest.xml:20:17-69
	android:name
		ADDED from src\main\AndroidManifest.xml:20:25-66
category#android.intent.category.LAUNCHER
ADDED from src\main\AndroidManifest.xml:22:17-77
	android:name
		ADDED from src\main\AndroidManifest.xml:22:27-74
activity#code.agenda.view.ViewDetalheContato
ADDED from src\main\AndroidManifest.xml:25:9-32:20
	android:label
		ADDED from src\main\AndroidManifest.xml:27:13-54
	android:parentActivityName
		ADDED from src\main\AndroidManifest.xml:28:13-61
	android:name
		ADDED from src\main\AndroidManifest.xml:26:13-63
meta-data#android.support.PARENT_ACTIVITY
ADDED from src\main\AndroidManifest.xml:29:13-31:53
	android:name
		ADDED from src\main\AndroidManifest.xml:30:17-63
	android:value
		ADDED from src\main\AndroidManifest.xml:31:17-50
activity#code.agenda.view.ItemDetailActivity
ADDED from src\main\AndroidManifest.xml:33:9-40:20
	android:label
		ADDED from src\main\AndroidManifest.xml:35:13-54
	android:parentActivityName
		ADDED from src\main\AndroidManifest.xml:36:13-61
	android:name
		ADDED from src\main\AndroidManifest.xml:34:13-63
activity#code.agenda.controller.ControllerContato
ADDED from src\main\AndroidManifest.xml:41:9-48:20
	android:label
		ADDED from src\main\AndroidManifest.xml:43:13-46
	android:parentActivityName
		ADDED from src\main\AndroidManifest.xml:44:13-60
	android:name
		ADDED from src\main\AndroidManifest.xml:42:13-68